TN:
SF:app.js
FN:14,init
FN:23,loadAlbums
FN:36,populateGenreFilter
FN:37,(anonymous_3)
FN:38,(anonymous_4)
FN:47,updateStats
FN:49,(anonymous_6)
FN:50,(anonymous_7)
FN:58,renderAlbums
FN:70,(anonymous_9)
FN:77,createAlbumCard
FN:95,searchAlbums
FN:99,(anonymous_12)
FN:116,sortAlbums
FN:119,(anonymous_14)
FN:134,attachEventListeners
FN:136,(anonymous_16)
FN:142,(anonymous_17)
FNF:18
FNH:2
FNDA:0,init
FNDA:2,loadAlbums
FNDA:0,populateGenreFilter
FNDA:0,(anonymous_3)
FNDA:0,(anonymous_4)
FNDA:0,updateStats
FNDA:0,(anonymous_6)
FNDA:0,(anonymous_7)
FNDA:0,renderAlbums
FNDA:0,(anonymous_9)
FNDA:4,createAlbumCard
FNDA:0,searchAlbums
FNDA:0,(anonymous_12)
FNDA:0,sortAlbums
FNDA:0,(anonymous_14)
FNDA:0,attachEventListeners
FNDA:0,(anonymous_16)
FNDA:0,(anonymous_17)
DA:2,1
DA:3,1
DA:6,1
DA:7,1
DA:8,1
DA:9,1
DA:10,1
DA:11,1
DA:15,0
DA:16,0
DA:17,0
DA:18,0
DA:19,0
DA:24,2
DA:25,2
DA:26,1
DA:27,1
DA:29,1
DA:30,1
DA:31,1
DA:37,0
DA:38,0
DA:39,0
DA:40,0
DA:41,0
DA:42,0
DA:48,0
DA:49,0
DA:50,0
DA:52,0
DA:53,0
DA:54,0
DA:59,0
DA:61,0
DA:62,0
DA:63,0
DA:64,0
DA:67,0
DA:68,0
DA:70,0
DA:71,0
DA:72,0
DA:78,4
DA:79,4
DA:80,4
DA:91,4
DA:96,0
DA:97,0
DA:99,0
DA:100,0
DA:105,0
DA:107,0
DA:110,0
DA:111,0
DA:112,0
DA:117,0
DA:119,0
DA:120,0
DA:122,0
DA:124,0
DA:126,0
DA:128,0
DA:135,0
DA:136,0
DA:137,0
DA:138,0
DA:141,0
DA:142,0
DA:143,0
DA:144,0
DA:149,1
DA:150,1
DA:160,1
DA:161,0
DA:162,0
DA:164,0
LF:76
LH:22
BRDA:61,0,0,0
BRDA:61,0,1,0
BRDA:100,1,0,0
BRDA:100,1,1,0
BRDA:100,1,2,0
BRDA:100,1,3,0
BRDA:105,2,0,0
BRDA:105,2,1,0
BRDA:107,3,0,0
BRDA:107,3,1,0
BRDA:120,4,0,0
BRDA:120,4,1,0
BRDA:120,4,2,0
BRDA:120,4,3,0
BRDA:137,5,0,0
BRDA:137,5,1,0
BRDA:149,6,0,1
BRDA:149,6,1,0
BRDA:149,7,0,1
BRDA:149,7,1,1
BRDA:160,8,0,0
BRDA:160,8,1,1
BRDA:160,9,0,1
BRDA:160,9,1,1
BRDA:161,10,0,0
BRDA:161,10,1,0
BRF:26
BRH:6
end_of_record
